Flow report for 1fa
Thu Oct 30 16:55:55 2025
Quartus II 64-Bit Version 13.0.1 Build 232 06/12/2013 Service Pack 1 SJ Web Edition


---------------------
; Table of Contents ;
---------------------
  1. Legal Notice
  2. Flow Summary
  3. Flow Settings
  4. Flow Non-Default Global Settings
  5. Flow Elapsed Time
  6. Flow OS Summary
  7. Flow Log
  8. Flow Messages
  9. Flow Suppressed Messages



----------------
; Legal Notice ;
----------------
Copyright (C) 1991-2013 Altera Corporation
Your use of Altera Corporation's design tools, logic functions 
and other software and tools, and its AMPP partner logic 
functions, and any output files from any of the foregoing 
(including device programming or simulation files), and any 
associated documentation or information are expressly subject 
to the terms and conditions of the Altera Program License 
Subscription Agreement, Altera MegaCore Function License 
Agreement, or other applicable license agreement, including, 
without limitation, that your use is for the sole purpose of 
programming logic devices manufactured by Altera and sold by 
Altera or its authorized distributors.  Please refer to the 
applicable agreement for further details.



+-----------------------------------------------------------------------------+
; Flow Summary                                                                ;
+---------------------------+-------------------------------------------------+
; Flow Status               ; Successful - Thu Oct 30 16:55:55 2025           ;
; Quartus II 64-Bit Version ; 13.0.1 Build 232 06/12/2013 SP 1 SJ Web Edition ;
; Revision Name             ; 1fa                                             ;
; Top-level Entity Name     ; 1fa                                             ;
; Family                    ; MAX3000A                                        ;
; Device                    ; EPM3064ALC44-10                                 ;
; Timing Models             ; Final                                           ;
; Total macrocells          ; 2 / 64 ( 3 % )                                  ;
; Total pins                ; 9 / 34 ( 26 % )                                 ;
+---------------------------+-------------------------------------------------+


+-----------------------------------------+
; Flow Settings                           ;
+-------------------+---------------------+
; Option            ; Setting             ;
+-------------------+---------------------+
; Start date & time ; 10/30/2025 15:27:26 ;
; Main task         ; Compilation         ;
; Revision Name     ; 1fa                 ;
+-------------------+---------------------+


+-----------------------------------------------------------------------------------------------------------------+
; Flow Non-Default Global Settings                                                                                ;
+---------------------------------+--------------------------------+---------------+-------------+----------------+
; Assignment Name                 ; Value                          ; Default Value ; Entity Name ; Section Id     ;
+---------------------------------+--------------------------------+---------------+-------------+----------------+
; COMPILER_SIGNATURE_ID           ; 62488682379324.176180924604852 ; --            ; --          ; --             ;
; EDA_GENERATE_FUNCTIONAL_NETLIST ; On                             ; --            ; --          ; eda_simulation ;
; EDA_OUTPUT_DATA_FORMAT          ; None                           ; --            ; --          ; eda_simulation ;
; EDA_TIME_SCALE                  ; 1 ps                           ; --            ; --          ; eda_simulation ;
; FITTER_EFFORT                   ; Standard Fit                   ; Auto Fit      ; --          ; --             ;
; OPTIMIZE_HOLD_TIMING            ; Off                            ; --            ; --          ; --             ;
; PROJECT_OUTPUT_DIRECTORY        ; output_files                   ; --            ; --          ; --             ;
+---------------------------------+--------------------------------+---------------+-------------+----------------+


+-------------------------------------------------------------------------------------------------------------------------------+
; Flow Elapsed Time                                                                                                             ;
+---------------------------+--------------+-------------------------+---------------------+------------------------------------+
; Module Name               ; Elapsed Time ; Average Processors Used ; Peak Virtual Memory ; Total CPU Time (on all processors) ;
+---------------------------+--------------+-------------------------+---------------------+------------------------------------+
; Analysis & Synthesis      ; 00:00:16     ; 1.0                     ; 4574 MB             ; 00:00:01                           ;
; Fitter                    ; 00:00:16     ; 1.0                     ; 4686 MB             ; 00:00:01                           ;
; Assembler                 ; 00:00:16     ; 1.0                     ; 4521 MB             ; 00:00:01                           ;
; TimeQuest Timing Analyzer ; 00:00:15     ; 1.0                     ; 4514 MB             ; 00:00:01                           ;
; EDA Netlist Writer        ; 00:00:16     ; 1.0                     ; 4490 MB             ; 00:00:01                           ;
; EDA Netlist Writer        ; 00:00:15     ; 1.0                     ; 4490 MB             ; 00:00:01                           ;
; EDA Netlist Writer        ; 00:00:15     ; 1.0                     ; 4490 MB             ; 00:00:01                           ;
; EDA Netlist Writer        ; 00:00:16     ; 1.0                     ; 4490 MB             ; 00:00:01                           ;
; EDA Netlist Writer        ; 00:00:01     ; 1.0                     ; 4487 MB             ; 00:00:01                           ;
; EDA Netlist Writer        ; 00:00:01     ; 1.0                     ; 4487 MB             ; 00:00:01                           ;
; Total                     ; 00:02:07     ; --                      ; --                  ; 00:00:10                           ;
+---------------------------+--------------+-------------------------+---------------------+------------------------------------+


+----------------------------------------------------------------------------------------+
; Flow OS Summary                                                                        ;
+---------------------------+------------------+-----------+------------+----------------+
; Module Name               ; Machine Hostname ; OS Name   ; OS Version ; Processor type ;
+---------------------------+------------------+-----------+------------+----------------+
; Analysis & Synthesis      ; tsengw           ; Windows 7 ; 6.2        ; x86_64         ;
; Fitter                    ; tsengw           ; Windows 7 ; 6.2        ; x86_64         ;
; Assembler                 ; tsengw           ; Windows 7 ; 6.2        ; x86_64         ;
; TimeQuest Timing Analyzer ; tsengw           ; Windows 7 ; 6.2        ; x86_64         ;
; EDA Netlist Writer        ; tsengw           ; Windows 7 ; 6.2        ; x86_64         ;
; EDA Netlist Writer        ; tsengw           ; Windows 7 ; 6.2        ; x86_64         ;
; EDA Netlist Writer        ; tsengw           ; Windows 7 ; 6.2        ; x86_64         ;
; EDA Netlist Writer        ; tsengw           ; Windows 7 ; 6.2        ; x86_64         ;
; EDA Netlist Writer        ; tsengw           ; Windows 7 ; 6.2        ; x86_64         ;
; EDA Netlist Writer        ; tsengw           ; Windows 7 ; 6.2        ; x86_64         ;
+---------------------------+------------------+-----------+------------+----------------+


------------
; Flow Log ;
------------
quartus_map --read_settings_files=on --write_settings_files=off 1fa -c 1fa
quartus_fit --read_settings_files=off --write_settings_files=off 1fa -c 1fa
quartus_asm --read_settings_files=off --write_settings_files=off 1fa -c 1fa
quartus_sta 1fa -c 1fa
quartus_eda --gen_testbench --check_outputs=on --tool=modelsim_oem --format=verilog 1fa -c 1fa --vector_source=D:/cpld/1biFA/Waveform.vwf --testbench_file=./simulation/qsim/1fa.vt
quartus_eda --functional=on --simulation=on --tool=modelsim_oem --format=verilog 1fa -c 1fa
quartus_eda --gen_testbench --check_outputs=on --tool=modelsim_oem --format=verilog 1fa -c 1fa --vector_source=D:/cpld/1biFA/Waveform.vwf --testbench_file=./simulation/qsim/1fa.vt
quartus_eda --functional=on --simulation=on --tool=modelsim_oem --format=verilog 1fa -c 1fa
quartus_eda --gen_testbench --check_outputs=on --tool=modelsim_oem --format=verilog 1fa -c 1fa --vector_source=D:/cpld/1biFA/Waveform.vwf --testbench_file=./simulation/qsim/1fa.vt
quartus_eda --functional=on --simulation=on --tool=modelsim_oem --format=verilog 1fa -c 1fa



